Arguments: 
  /Users/tiero/.nvm/versions/node/v16.17.0/bin/node /Users/tiero/.yarn/bin/yarn.js add @scure/btc-signer

PATH: 
  /Users/tiero/.rvm/gems/ruby-2.7.5/bin:/Users/tiero/.rvm/gems/ruby-2.7.5@global/bin:/Users/tiero/.rvm/rubies/ruby-2.7.5/bin:/Users/tiero/Library/pnpm:/Users/tiero/.deno/bin:/Users/tiero/.yarn/bin:/Users/tiero/.config/yarn/global/node_modules/.bin:/Users/tiero/.nvm/versions/node/v16.17.0/bin:/opt/homebrew/bin:/opt/homebrew/sbin:/usr/local/bin:/usr/local/sbin:/usr/bin:/bin:/usr/sbin:/sbin:/usr/local/go/bin:/usr/local/MacGPG2/bin:/Library/Apple/usr/bin:/Users/tiero/Library/Android/sdk/platform-tools:/Users/tiero/.cargo/bin:/opt/homebrew/bin:/opt/homebrew/sbin:/Users/tiero/go/bin:/Users/tiero/.rvm/bin

Yarn version: 
  1.22.19

Node version: 
  16.17.0

Platform: 
  darwin arm64

Trace: 
  Error: https://registry.yarnpkg.com/@scure%2fbtc-signer: Not found
      at Request.params.callback [as _callback] (/Users/tiero/.yarn/lib/cli.js:66145:18)
      at Request.self.callback (/Users/tiero/.yarn/lib/cli.js:140890:22)
      at Request.emit (node:events:513:28)
      at Request.<anonymous> (/Users/tiero/.yarn/lib/cli.js:141862:10)
      at Request.emit (node:events:513:28)
      at IncomingMessage.<anonymous> (/Users/tiero/.yarn/lib/cli.js:141784:12)
      at Object.onceWrapper (node:events:627:28)
      at IncomingMessage.emit (node:events:525:35)
      at endReadableNT (node:internal/streams/readable:1358:12)
      at processTicksAndRejections (node:internal/process/task_queues:83:21)

npm manifest: 
  {
    "name": "bitcoin-app",
    "version": "1.0.0",
    "main": "node_modules/expo/AppEntry.js",
    "scripts": {
      "start": "expo start",
      "android": "expo start --android",
      "ios": "expo start --ios",
      "web": "expo start --web"
    },
    "dependencies": {
      "expo": "~48.0.5",
      "expo-status-bar": "~1.4.4",
      "react": "18.2.0",
      "react-native": "0.71.3"
    },
    "devDependencies": {
      "@babel/core": "^7.20.0"
    },
    "private": true
  }

yarn manifest: 
  No manifest

Lockfile: 
  No lockfile
